<?xml version="1.0" encoding="UTF-8"?>
<!-- Generated by org.testng.reporters.JUnitReportReporter -->
<testsuite skipped="0" hostname="Lenovo-PC" name="petStoreEndtoEnd.Get_FindByStatus_Method" tests="1" failures="0" timestamp="2021-04-08T17:35:07 IST" time="20.651" errors="0">
  <testcase name="getMethodFindByStatus" time="20.651" classname="petStoreEndtoEnd.Get_FindByStatus_Method"/>
  <system-out/>
</testsuite> <!-- petStoreEndtoEnd.Get_FindByStatus_Method -->
