<?xml version="1.0" encoding="UTF-8"?>
<!-- Generated by org.testng.reporters.JUnitReportReporter -->
<testsuite skipped="0" hostname="Lenovo-PC" name="petStoreEndtoEnd.Post_PetStore_Method" tests="1" failures="0" timestamp="2021-04-07T20:43:20 IST" time="54.376" errors="0">
  <testcase name="postMthodPetStore" time="54.376" classname="petStoreEndtoEnd.Post_PetStore_Method"/>
  <system-out/>
</testsuite> <!-- petStoreEndtoEnd.Post_PetStore_Method -->
