<?xml version="1.0" encoding="UTF-8"?>
<!-- Generated by org.testng.reporters.JUnitReportReporter -->
<testsuite skipped="0" hostname="Lenovo-PC" name="FindBusStopLocation.BusLocationFind" tests="1" failures="0" timestamp="2021-10-07T21:06:30 IST" time="56.222" errors="0">
  <testcase name="BusStopLocationFind" time="56.222" classname="FindBusStopLocation.BusLocationFind"/>
  <system-out/>
</testsuite> <!-- FindBusStopLocation.BusLocationFind -->
