<?xml version="1.0" encoding="UTF-8"?>
<!-- Generated by org.testng.reporters.JUnitReportReporter -->
<testsuite skipped="0" hostname="Lenovo-PC" name="petStoreEndtoEnd.Delete_PetStore_Method" tests="1" failures="0" timestamp="2021-04-07T20:43:20 IST" time="2.566" errors="0">
  <testcase name="DeletePetStoreMethod" time="2.566" classname="petStoreEndtoEnd.Delete_PetStore_Method"/>
  <system-out/>
</testsuite> <!-- petStoreEndtoEnd.Delete_PetStore_Method -->
